<?xml version="1.0" encoding="UTF-8"?>
<!-- Generated by org.testng.reporters.JUnitReportReporter -->
<testsuite hostname="DESKTOP-8A1HO0F" failures="0" tests="4" name="com.tutorialsninja.qa.testcases.RegisterTest" time="78.483" errors="0" timestamp="2024-07-23T13:43:03 IST" skipped="0">
  <testcase classname="com.tutorialsninja.qa.testcases.RegisterTest" name="verifyRegisteringAndAccountWithMandatoryFields" time="20.071"/>
  <testcase classname="com.tutorialsninja.qa.testcases.RegisterTest" name="verifyRegisteringAndAccountWithAllFields" time="14.452"/>
  <testcase classname="com.tutorialsninja.qa.testcases.RegisterTest" name="verifyRegisteringAccountWithExisitingEmailAddress" time="12.013"/>
  <testcase classname="com.tutorialsninja.qa.testcases.RegisterTest" name="verifyRegisteringAccountWithoutFillingAnyDetails" time="31.947"/>
</testsuite> <!-- com.tutorialsninja.qa.testcases.RegisterTest -->
